[debug] [2019-02-21T12:34:57.909Z] ----------------------------------------------------------------------
[debug] [2019-02-21T12:34:57.911Z] Command:       /usr/local/bin/node /usr/local/bin/firebase deploy
[debug] [2019-02-21T12:34:57.911Z] CLI Version:   6.3.1
[debug] [2019-02-21T12:34:57.911Z] Platform:      darwin
[debug] [2019-02-21T12:34:57.911Z] Node Version:  v10.15.0
[debug] [2019-02-21T12:34:57.912Z] Time:          Thu Feb 21 2019 23:34:57 GMT+1100 (Australian Eastern Daylight Time)
[debug] [2019-02-21T12:34:57.912Z] ----------------------------------------------------------------------
[debug] 
[debug] [2019-02-21T12:34:57.926Z] > command requires scopes: ["email","openid","https://www.googleapis.com/auth/cloudplatformprojects.readonly","https://www.googleapis.com/auth/firebase","https://www.googleapis.com/auth/cloud-platform"]
[debug] [2019-02-21T12:34:57.926Z] > authorizing via signed-in user
[debug] [2019-02-21T12:34:57.926Z] [iam] checking project coffeereview-9b2a0 for permissions ["cloudfunctions.functions.create","cloudfunctions.functions.delete","cloudfunctions.functions.get","cloudfunctions.functions.list","cloudfunctions.functions.update","cloudfunctions.operations.get","firebase.projects.get","firebasehosting.sites.update"]
[debug] [2019-02-21T12:34:57.928Z] >>> HTTP REQUEST POST https://cloudresourcemanager.googleapis.com/v1/projects/coffeereview-9b2a0:testIamPermissions  

[debug] [2019-02-21T12:34:59.461Z] <<< HTTP RESPONSE 200
[debug] [2019-02-21T12:34:59.465Z] >>> HTTP REQUEST GET https://firebase.googleapis.com/v1beta1/projects/coffeereview-9b2a0  
 
[debug] [2019-02-21T12:35:00.193Z] <<< HTTP RESPONSE 200
[info] 
[info] === Deploying to 'coffeereview-9b2a0'...
[info] 
[info] i  deploying functions, hosting
[debug] [2019-02-21T12:35:01.611Z] > [functions] package.json contents: {
  "name": "functions",
  "description": "Cloud Functions for Firebase",
  "scripts": {
    "serve": "firebase serve --only functions",
    "shell": "firebase functions:shell",
    "start": "npm run shell",
    "deploy": "firebase deploy --only functions",
    "logs": "firebase functions:log"
  },
  "dependencies": {
    "firebase-admin": "~7.0.0",
    "firebase-functions": "^2.2.0"
  },
  "private": true
}
[info] i  functions: ensuring necessary APIs are enabled...
[debug] [2019-02-21T12:35:01.612Z] >>> HTTP REQUEST GET https://servicemanagement.googleapis.com/v1/services/cloudfunctions.googleapis.com/projectSettings/coffeereview-9b2a0?view=CONSUMER_VIEW  
 
[debug] [2019-02-21T12:35:01.612Z] >>> HTTP REQUEST GET https://servicemanagement.googleapis.com/v1/services/runtimeconfig.googleapis.com/projectSettings/coffeereview-9b2a0?view=CONSUMER_VIEW  
 
[debug] [2019-02-21T12:35:03.660Z] <<< HTTP RESPONSE 200
[debug] [2019-02-21T12:35:03.800Z] <<< HTTP RESPONSE 200
[info] ✔  functions: all necessary APIs are enabled
[debug] [2019-02-21T12:35:03.802Z] >>> HTTP REQUEST GET https://cloudresourcemanager.googleapis.com/v1/projects/coffeereview-9b2a0  
 
[debug] [2019-02-21T12:35:05.289Z] <<< HTTP RESPONSE 200
[debug] [2019-02-21T12:35:05.290Z] >>> HTTP REQUEST GET https://mobilesdk-pa.googleapis.com/v1/projects/216053829039:getServerAppConfig  
 
[debug] [2019-02-21T12:35:05.808Z] <<< HTTP RESPONSE 200
[debug] [2019-02-21T12:35:05.811Z] >>> HTTP REQUEST POST https://firebasehosting.googleapis.com/v1beta1/sites/coffeereview-9b2a0/versions  

[debug] [2019-02-21T12:35:07.953Z] <<< HTTP RESPONSE 200
[info] i  functions: preparing functions directory for uploading...
[debug] [2019-02-21T12:35:07.957Z] >>> HTTP REQUEST GET https://runtimeconfig.googleapis.com/v1beta1/projects/coffeereview-9b2a0/configs  
 
[debug] [2019-02-21T12:35:08.880Z] <<< HTTP RESPONSE 200
[info] i  hosting[coffeereview-9b2a0]: beginning deploy...
[info] i  hosting[coffeereview-9b2a0]: found 9 files in build
[debug] [2019-02-21T12:35:09.035Z] [hosting] hash cache [YnVpbGQ] load error: lines is not defined
[debug] [2019-02-21T12:35:09.837Z] [hosting] hash cache [YnVpbGQ] stored for 9 files
[debug] [2019-02-21T12:35:09.837Z] [hosting][hash queue][FINAL]
[debug] [2019-02-21T12:35:09.837Z] >>> HTTP REQUEST POST https://firebasehosting.googleapis.com/v1beta1/sites/coffeereview-9b2a0/versions/6e4a1189130a98c4:populateFiles  
 <request body omitted>
[debug] [2019-02-21T12:35:11.544Z] <<< HTTP RESPONSE 200
[debug] [2019-02-21T12:35:11.553Z] [hosting][populate queue][FINAL]
[debug] [2019-02-21T12:35:11.553Z] [hosting] uploads queued: 7
